2023-09-16 01:58:50 Notice: Notice (1024): Undefined property: ProfissionalController::$Auth in /var/www/html/src/Controller/ProfissionalController.php on line 55 in [/var/www/html/vendor/cakephp/cakephp/src/Controller/Controller.php, line 384]
Request URL: /profissional
Client IP: 172.18.0.1
Trace:
Cake\Error\BaseErrorHandler::handleError() - CORE/src/Error/BaseErrorHandler.php, line 168
Cake\Core\Plugin::{closure}() - ROOT/vendor/cakephp/debug_kit/config/bootstrap.php, line 43
Cake\Controller\Controller::__get() - CORE/src/Controller/Controller.php, line 384
App\Controller\ProfissionalController::index() - APP/Controller/ProfissionalController.php, line 55
Cake\Controller\Controller::invokeAction() - CORE/src/Controller/Controller.php, line 606
Cake\Http\ActionDispatcher::_invoke() - CORE/src/Http/ActionDispatcher.php, line 120
Cake\Http\ActionDispatcher::dispatch() - CORE/src/Http/ActionDispatcher.php, line 94
Cake\Routing\Dispatcher::dispatch() - CORE/src/Routing/Dispatcher.php, line 66
[main] - ROOT/webroot/index.php, line 36



2023-09-16 01:59:47 Notice: Notice (1024): Undefined property: ProfissionalController::$Auth in /var/www/html/src/Controller/ProfissionalController.php on line 36 in [/var/www/html/vendor/cakephp/cakephp/src/Controller/Controller.php, line 384]
Request URL: /profissional
Client IP: 172.18.0.1
Trace:
Cake\Error\BaseErrorHandler::handleError() - CORE/src/Error/BaseErrorHandler.php, line 168
Cake\Core\Plugin::{closure}() - ROOT/vendor/cakephp/debug_kit/config/bootstrap.php, line 43
Cake\Controller\Controller::__get() - CORE/src/Controller/Controller.php, line 384
App\Controller\ProfissionalController::index() - APP/Controller/ProfissionalController.php, line 36
Cake\Controller\Controller::invokeAction() - CORE/src/Controller/Controller.php, line 606
Cake\Http\ActionDispatcher::_invoke() - CORE/src/Http/ActionDispatcher.php, line 120
Cake\Http\ActionDispatcher::dispatch() - CORE/src/Http/ActionDispatcher.php, line 94
Cake\Routing\Dispatcher::dispatch() - CORE/src/Routing/Dispatcher.php, line 66
[main] - ROOT/webroot/index.php, line 36



2023-09-16 02:28:43 Notice: Notice (8): compact(): Undefined variable: organizacaos in [/var/www/html/src/Controller/ProfissionalController.php, line 77]
Request URL: /profissional/add
Referer URL: http://localhost/
Client IP: 172.18.0.1
Trace:
Cake\Error\BaseErrorHandler::handleError() - CORE/src/Error/BaseErrorHandler.php, line 168
Cake\Core\Plugin::{closure}() - ROOT/vendor/cakephp/debug_kit/config/bootstrap.php, line 43
compact - [internal], line ??
App\Controller\ProfissionalController::add() - APP/Controller/ProfissionalController.php, line 77
Cake\Controller\Controller::invokeAction() - CORE/src/Controller/Controller.php, line 606
Cake\Http\ActionDispatcher::_invoke() - CORE/src/Http/ActionDispatcher.php, line 120
Cake\Http\ActionDispatcher::dispatch() - CORE/src/Http/ActionDispatcher.php, line 94
Cake\Routing\Dispatcher::dispatch() - CORE/src/Routing/Dispatcher.php, line 66
[main] - ROOT/webroot/index.php, line 36



