2023-09-16 01:58:56 Warning: Warning (512): Unable to emit headers. Headers sent in file=/var/www/html/vendor/cakephp/cakephp/src/Error/Debugger.php line=855 in [/var/www/html/vendor/cakephp/cakephp/src/Http/ResponseEmitter.php, line 53]
Request URL: /profissional
Client IP: 172.18.0.1
Trace:
Cake\Error\BaseErrorHandler::handleError() - CORE/src/Error/BaseErrorHandler.php, line 168
Cake\Core\Plugin::{closure}() - ROOT/vendor/cakephp/debug_kit/config/bootstrap.php, line 43
Cake\Http\ResponseEmitter::emit() - CORE/src/Http/ResponseEmitter.php, line 53
Cake\Error\ErrorHandler::_sendResponse() - CORE/src/Error/ErrorHandler.php, line 199
Cake\Error\ErrorHandler::_displayException() - CORE/src/Error/ErrorHandler.php, line 139
Cake\Error\BaseErrorHandler::handleException() - CORE/src/Error/BaseErrorHandler.php, line 202
Cake\Error\BaseErrorHandler::wrapAndHandleException() - CORE/src/Error/BaseErrorHandler.php, line 186
[main] - [internal], line ??



2023-09-16 01:58:56 Warning: Warning (2): Cannot modify header information - headers already sent by (output started at /var/www/html/vendor/cakephp/cakephp/src/Error/Debugger.php:855) in [/var/www/html/vendor/cakephp/cakephp/src/Http/ResponseEmitter.php, line 154]
Request URL: /profissional
Client IP: 172.18.0.1
Trace:
Cake\Error\BaseErrorHandler::handleError() - CORE/src/Error/BaseErrorHandler.php, line 168
Cake\Core\Plugin::{closure}() - ROOT/vendor/cakephp/debug_kit/config/bootstrap.php, line 43
header - [internal], line ??
Cake\Http\ResponseEmitter::emitStatusLine() - CORE/src/Http/ResponseEmitter.php, line 154
Cake\Http\ResponseEmitter::emit() - CORE/src/Http/ResponseEmitter.php, line 59
Cake\Error\ErrorHandler::_sendResponse() - CORE/src/Error/ErrorHandler.php, line 199
Cake\Error\ErrorHandler::_displayException() - CORE/src/Error/ErrorHandler.php, line 139
Cake\Error\BaseErrorHandler::handleException() - CORE/src/Error/BaseErrorHandler.php, line 202
Cake\Error\BaseErrorHandler::wrapAndHandleException() - CORE/src/Error/BaseErrorHandler.php, line 186
[main] - [internal], line ??



2023-09-16 01:58:56 Warning: Warning (2): Cannot modify header information - headers already sent by (output started at /var/www/html/vendor/cakephp/cakephp/src/Error/Debugger.php:855) in [/var/www/html/vendor/cakephp/cakephp/src/Http/ResponseEmitter.php, line 183]
Request URL: /profissional
Client IP: 172.18.0.1
Trace:
Cake\Error\BaseErrorHandler::handleError() - CORE/src/Error/BaseErrorHandler.php, line 168
Cake\Core\Plugin::{closure}() - ROOT/vendor/cakephp/debug_kit/config/bootstrap.php, line 43
header - [internal], line ??
Cake\Http\ResponseEmitter::emitHeaders() - CORE/src/Http/ResponseEmitter.php, line 183
Cake\Http\ResponseEmitter::emit() - CORE/src/Http/ResponseEmitter.php, line 60
Cake\Error\ErrorHandler::_sendResponse() - CORE/src/Error/ErrorHandler.php, line 199
Cake\Error\ErrorHandler::_displayException() - CORE/src/Error/ErrorHandler.php, line 139
Cake\Error\BaseErrorHandler::handleException() - CORE/src/Error/BaseErrorHandler.php, line 202
Cake\Error\BaseErrorHandler::wrapAndHandleException() - CORE/src/Error/BaseErrorHandler.php, line 186
[main] - [internal], line ??



2023-09-16 01:58:56 Error: [Error] Call to a member function user() on bool in /var/www/html/src/Controller/ProfissionalController.php on line 55
Stack Trace:
#0 /var/www/html/vendor/cakephp/cakephp/src/Controller/Controller.php(606): App\Controller\ProfissionalController->index()
#1 /var/www/html/vendor/cakephp/cakephp/src/Http/ActionDispatcher.php(120): Cake\Controller\Controller->invokeAction()
#2 /var/www/html/vendor/cakephp/cakephp/src/Http/ActionDispatcher.php(94): Cake\Http\ActionDispatcher->_invoke(Object(App\Controller\ProfissionalController))
#3 /var/www/html/vendor/cakephp/cakephp/src/Routing/Dispatcher.php(66): Cake\Http\ActionDispatcher->dispatch(Object(Cake\Http\ServerRequest), Object(Cake\Http\Response))
#4 /var/www/html/webroot/index.php(36): Cake\Routing\Dispatcher->dispatch(Object(Cake\Http\ServerRequest), Object(Cake\Http\Response))
#5 {main}


Request URL: /profissional
Client IP: 172.18.0.1
2023-09-16 01:59:52 Warning: Warning (512): Unable to emit headers. Headers sent in file=/var/www/html/vendor/cakephp/cakephp/src/Error/Debugger.php line=855 in [/var/www/html/vendor/cakephp/cakephp/src/Http/ResponseEmitter.php, line 53]
Request URL: /profissional
Client IP: 172.18.0.1
Trace:
Cake\Error\BaseErrorHandler::handleError() - CORE/src/Error/BaseErrorHandler.php, line 168
Cake\Core\Plugin::{closure}() - ROOT/vendor/cakephp/debug_kit/config/bootstrap.php, line 43
Cake\Http\ResponseEmitter::emit() - CORE/src/Http/ResponseEmitter.php, line 53
Cake\Error\ErrorHandler::_sendResponse() - CORE/src/Error/ErrorHandler.php, line 199
Cake\Error\ErrorHandler::_displayException() - CORE/src/Error/ErrorHandler.php, line 139
Cake\Error\BaseErrorHandler::handleException() - CORE/src/Error/BaseErrorHandler.php, line 202
Cake\Error\BaseErrorHandler::wrapAndHandleException() - CORE/src/Error/BaseErrorHandler.php, line 186
[main] - [internal], line ??



2023-09-16 01:59:52 Warning: Warning (2): Cannot modify header information - headers already sent by (output started at /var/www/html/vendor/cakephp/cakephp/src/Error/Debugger.php:855) in [/var/www/html/vendor/cakephp/cakephp/src/Http/ResponseEmitter.php, line 154]
Request URL: /profissional
Client IP: 172.18.0.1
Trace:
Cake\Error\BaseErrorHandler::handleError() - CORE/src/Error/BaseErrorHandler.php, line 168
Cake\Core\Plugin::{closure}() - ROOT/vendor/cakephp/debug_kit/config/bootstrap.php, line 43
header - [internal], line ??
Cake\Http\ResponseEmitter::emitStatusLine() - CORE/src/Http/ResponseEmitter.php, line 154
Cake\Http\ResponseEmitter::emit() - CORE/src/Http/ResponseEmitter.php, line 59
Cake\Error\ErrorHandler::_sendResponse() - CORE/src/Error/ErrorHandler.php, line 199
Cake\Error\ErrorHandler::_displayException() - CORE/src/Error/ErrorHandler.php, line 139
Cake\Error\BaseErrorHandler::handleException() - CORE/src/Error/BaseErrorHandler.php, line 202
Cake\Error\BaseErrorHandler::wrapAndHandleException() - CORE/src/Error/BaseErrorHandler.php, line 186
[main] - [internal], line ??



2023-09-16 01:59:52 Warning: Warning (2): Cannot modify header information - headers already sent by (output started at /var/www/html/vendor/cakephp/cakephp/src/Error/Debugger.php:855) in [/var/www/html/vendor/cakephp/cakephp/src/Http/ResponseEmitter.php, line 183]
Request URL: /profissional
Client IP: 172.18.0.1
Trace:
Cake\Error\BaseErrorHandler::handleError() - CORE/src/Error/BaseErrorHandler.php, line 168
Cake\Core\Plugin::{closure}() - ROOT/vendor/cakephp/debug_kit/config/bootstrap.php, line 43
header - [internal], line ??
Cake\Http\ResponseEmitter::emitHeaders() - CORE/src/Http/ResponseEmitter.php, line 183
Cake\Http\ResponseEmitter::emit() - CORE/src/Http/ResponseEmitter.php, line 60
Cake\Error\ErrorHandler::_sendResponse() - CORE/src/Error/ErrorHandler.php, line 199
Cake\Error\ErrorHandler::_displayException() - CORE/src/Error/ErrorHandler.php, line 139
Cake\Error\BaseErrorHandler::handleException() - CORE/src/Error/BaseErrorHandler.php, line 202
Cake\Error\BaseErrorHandler::wrapAndHandleException() - CORE/src/Error/BaseErrorHandler.php, line 186
[main] - [internal], line ??



2023-09-16 01:59:52 Error: [Error] Call to a member function user() on bool in /var/www/html/src/Controller/ProfissionalController.php on line 36
Stack Trace:
#0 /var/www/html/vendor/cakephp/cakephp/src/Controller/Controller.php(606): App\Controller\ProfissionalController->index()
#1 /var/www/html/vendor/cakephp/cakephp/src/Http/ActionDispatcher.php(120): Cake\Controller\Controller->invokeAction()
#2 /var/www/html/vendor/cakephp/cakephp/src/Http/ActionDispatcher.php(94): Cake\Http\ActionDispatcher->_invoke(Object(App\Controller\ProfissionalController))
#3 /var/www/html/vendor/cakephp/cakephp/src/Routing/Dispatcher.php(66): Cake\Http\ActionDispatcher->dispatch(Object(Cake\Http\ServerRequest), Object(Cake\Http\Response))
#4 /var/www/html/webroot/index.php(36): Cake\Routing\Dispatcher->dispatch(Object(Cake\Http\ServerRequest), Object(Cake\Http\Response))
#5 {main}


Request URL: /profissional
Client IP: 172.18.0.1
2023-09-16 02:15:43 Error: [PDOException] SQLSTATE[HY000] [1045] Access denied for user 'saberuser'@'172.18.0.3' (using password: YES) in /var/www/html/vendor/cakephp/cakephp/src/Database/Driver.php on line 93
Stack Trace:
#0 /var/www/html/vendor/cakephp/cakephp/src/Database/Driver.php(93): PDO->__construct('mysql:host=sabe...', 'saberuser', 'sa102030', Array)
#1 /var/www/html/vendor/cakephp/cakephp/src/Database/Driver/Mysql.php(105): Cake\Database\Driver->_connect('mysql:host=sabe...', Array)
#2 /var/www/html/vendor/cakephp/cakephp/src/Database/Schema/BaseSchema.php(44): Cake\Database\Driver\Mysql->connect()
#3 /var/www/html/vendor/cakephp/cakephp/src/Database/Dialect/MysqlDialectTrait.php(62): Cake\Database\Schema\BaseSchema->__construct(Object(Cake\Database\Driver\Mysql))
#4 /var/www/html/vendor/cakephp/cakephp/src/Database/Schema/Collection.php(51): Cake\Database\Driver\Mysql->schemaDialect()
#5 /var/www/html/vendor/cakephp/cakephp/src/Database/Schema/CachedCollection.php(41): Cake\Database\Schema\Collection->__construct(Object(Cake\Database\Connection))
#6 /var/www/html/vendor/cakephp/cakephp/src/Database/Connection.php(399): Cake\Database\Schema\CachedCollection->__construct(Object(Cake\Database\Connection), true)
#7 /var/www/html/vendor/cakephp/cakephp/src/ORM/Table.php(565): Cake\Database\Connection->getSchemaCollection()
#8 /var/www/html/vendor/cakephp/cakephp/src/ORM/Query.php(267): Cake\ORM\Table->getSchema()
#9 /var/www/html/vendor/cakephp/cakephp/src/ORM/Query.php(167): Cake\ORM\Query->addDefaultTypes(Object(App\Model\Table\ProfissionalTable))
#10 /var/www/html/vendor/cakephp/cakephp/src/ORM/Table.php(1809): Cake\ORM\Query->__construct(Object(Cake\Database\Connection), Object(App\Model\Table\ProfissionalTable))
#11 /var/www/html/vendor/cakephp/cakephp/src/ORM/Table.php(1392): Cake\ORM\Table->query()
#12 /var/www/html/src/Controller/ProfissionalController.php(34): Cake\ORM\Table->find('all')
#13 /var/www/html/vendor/cakephp/cakephp/src/Controller/Controller.php(606): App\Controller\ProfissionalController->index()
#14 /var/www/html/vendor/cakephp/cakephp/src/Http/ActionDispatcher.php(120): Cake\Controller\Controller->invokeAction()
#15 /var/www/html/vendor/cakephp/cakephp/src/Http/ActionDispatcher.php(94): Cake\Http\ActionDispatcher->_invoke(Object(App\Controller\ProfissionalController))
#16 /var/www/html/vendor/cakephp/cakephp/src/Routing/Dispatcher.php(66): Cake\Http\ActionDispatcher->dispatch(Object(Cake\Http\ServerRequest), Object(Cake\Http\Response))
#17 /var/www/html/webroot/index.php(36): Cake\Routing\Dispatcher->dispatch(Object(Cake\Http\ServerRequest), Object(Cake\Http\Response))
#18 {main}


Request URL: /
Client IP: 172.18.0.1
2023-09-16 02:15:48 Error: [PDOException] SQLSTATE[HY000] [1045] Access denied for user 'saberuser'@'172.18.0.3' (using password: YES) in /var/www/html/vendor/cakephp/cakephp/src/Database/Driver.php on line 93
Stack Trace:
#0 /var/www/html/vendor/cakephp/cakephp/src/Database/Driver.php(93): PDO->__construct('mysql:host=sabe...', 'saberuser', 'sa102030', Array)
#1 /var/www/html/vendor/cakephp/cakephp/src/Database/Driver/Mysql.php(105): Cake\Database\Driver->_connect('mysql:host=sabe...', Array)
#2 /var/www/html/vendor/cakephp/cakephp/src/Database/Schema/BaseSchema.php(44): Cake\Database\Driver\Mysql->connect()
#3 /var/www/html/vendor/cakephp/cakephp/src/Database/Dialect/MysqlDialectTrait.php(62): Cake\Database\Schema\BaseSchema->__construct(Object(Cake\Database\Driver\Mysql))
#4 /var/www/html/vendor/cakephp/cakephp/src/Database/Schema/Collection.php(51): Cake\Database\Driver\Mysql->schemaDialect()
#5 /var/www/html/vendor/cakephp/cakephp/src/Database/Schema/CachedCollection.php(41): Cake\Database\Schema\Collection->__construct(Object(Cake\Database\Connection))
#6 /var/www/html/vendor/cakephp/cakephp/src/Database/Connection.php(399): Cake\Database\Schema\CachedCollection->__construct(Object(Cake\Database\Connection), true)
#7 /var/www/html/vendor/cakephp/cakephp/src/ORM/Table.php(565): Cake\Database\Connection->getSchemaCollection()
#8 /var/www/html/vendor/cakephp/cakephp/src/ORM/Query.php(267): Cake\ORM\Table->getSchema()
#9 /var/www/html/vendor/cakephp/cakephp/src/ORM/Query.php(167): Cake\ORM\Query->addDefaultTypes(Object(App\Model\Table\ProfissionalTable))
#10 /var/www/html/vendor/cakephp/cakephp/src/ORM/Table.php(1809): Cake\ORM\Query->__construct(Object(Cake\Database\Connection), Object(App\Model\Table\ProfissionalTable))
#11 /var/www/html/vendor/cakephp/cakephp/src/ORM/Table.php(1392): Cake\ORM\Table->query()
#12 /var/www/html/src/Controller/ProfissionalController.php(34): Cake\ORM\Table->find('all')
#13 /var/www/html/vendor/cakephp/cakephp/src/Controller/Controller.php(606): App\Controller\ProfissionalController->index()
#14 /var/www/html/vendor/cakephp/cakephp/src/Http/ActionDispatcher.php(120): Cake\Controller\Controller->invokeAction()
#15 /var/www/html/vendor/cakephp/cakephp/src/Http/ActionDispatcher.php(94): Cake\Http\ActionDispatcher->_invoke(Object(App\Controller\ProfissionalController))
#16 /var/www/html/vendor/cakephp/cakephp/src/Routing/Dispatcher.php(66): Cake\Http\ActionDispatcher->dispatch(Object(Cake\Http\ServerRequest), Object(Cake\Http\Response))
#17 /var/www/html/webroot/index.php(36): Cake\Routing\Dispatcher->dispatch(Object(Cake\Http\ServerRequest), Object(Cake\Http\Response))
#18 {main}


Request URL: /
Client IP: 172.18.0.1
2023-09-16 02:28:00 Error: [RuntimeException] Undefined property `Organizacao`. You have not defined the `Organizacao` association on `App\Model\Table\ProfissionalTable`. in /var/www/html/vendor/cakephp/cakephp/src/ORM/Table.php on line 2695
Stack Trace:
#0 /var/www/html/src/Controller/ProfissionalController.php(51): Cake\ORM\Table->__get('Organizacao')
#1 /var/www/html/vendor/cakephp/cakephp/src/Controller/Controller.php(606): App\Controller\ProfissionalController->add()
#2 /var/www/html/vendor/cakephp/cakephp/src/Http/ActionDispatcher.php(120): Cake\Controller\Controller->invokeAction()
#3 /var/www/html/vendor/cakephp/cakephp/src/Http/ActionDispatcher.php(94): Cake\Http\ActionDispatcher->_invoke(Object(App\Controller\ProfissionalController))
#4 /var/www/html/vendor/cakephp/cakephp/src/Routing/Dispatcher.php(66): Cake\Http\ActionDispatcher->dispatch(Object(Cake\Http\ServerRequest), Object(Cake\Http\Response))
#5 /var/www/html/webroot/index.php(36): Cake\Routing\Dispatcher->dispatch(Object(Cake\Http\ServerRequest), Object(Cake\Http\Response))
#6 {main}


Request URL: /profissional/add
Referer URL: http://localhost/
Client IP: 172.18.0.1
2023-09-16 02:28:47 Warning: Headers already sent in /var/www/html/vendor/cakephp/cakephp/src/Error/Debugger.php:855
2023-09-16 02:30:51 Error: [RuntimeException] Undefined property `User`. You have not defined the `User` association on `App\Model\Table\ProfissionalTable`. in /var/www/html/vendor/cakephp/cakephp/src/ORM/Table.php on line 2695
Stack Trace:
#0 /var/www/html/src/Controller/ProfissionalController.php(54): Cake\ORM\Table->__get('User')
#1 /var/www/html/vendor/cakephp/cakephp/src/Controller/Controller.php(606): App\Controller\ProfissionalController->add()
#2 /var/www/html/vendor/cakephp/cakephp/src/Http/ActionDispatcher.php(120): Cake\Controller\Controller->invokeAction()
#3 /var/www/html/vendor/cakephp/cakephp/src/Http/ActionDispatcher.php(94): Cake\Http\ActionDispatcher->_invoke(Object(App\Controller\ProfissionalController))
#4 /var/www/html/vendor/cakephp/cakephp/src/Routing/Dispatcher.php(66): Cake\Http\ActionDispatcher->dispatch(Object(Cake\Http\ServerRequest), Object(Cake\Http\Response))
#5 /var/www/html/webroot/index.php(36): Cake\Routing\Dispatcher->dispatch(Object(Cake\Http\ServerRequest), Object(Cake\Http\Response))
#6 {main}


Request URL: /profissional/add
Referer URL: http://localhost/profissional/add
Client IP: 172.18.0.1
2023-09-16 02:31:27 Error: [RuntimeException] Undefined property `User`. You have not defined the `User` association on `App\Model\Table\ProfissionalTable`. in /var/www/html/vendor/cakephp/cakephp/src/ORM/Table.php on line 2695
Stack Trace:
#0 /var/www/html/src/Controller/ProfissionalController.php(54): Cake\ORM\Table->__get('User')
#1 /var/www/html/vendor/cakephp/cakephp/src/Controller/Controller.php(606): App\Controller\ProfissionalController->add()
#2 /var/www/html/vendor/cakephp/cakephp/src/Http/ActionDispatcher.php(120): Cake\Controller\Controller->invokeAction()
#3 /var/www/html/vendor/cakephp/cakephp/src/Http/ActionDispatcher.php(94): Cake\Http\ActionDispatcher->_invoke(Object(App\Controller\ProfissionalController))
#4 /var/www/html/vendor/cakephp/cakephp/src/Routing/Dispatcher.php(66): Cake\Http\ActionDispatcher->dispatch(Object(Cake\Http\ServerRequest), Object(Cake\Http\Response))
#5 /var/www/html/webroot/index.php(36): Cake\Routing\Dispatcher->dispatch(Object(Cake\Http\ServerRequest), Object(Cake\Http\Response))
#6 {main}


Request URL: /profissional/add
Referer URL: http://localhost/profissional/add
Client IP: 172.18.0.1
2023-09-16 02:33:35 Error: [PDOException] SQLSTATE[HY000]: General error: 1364 Field 'user_id' doesn't have a default value in /var/www/html/vendor/cakephp/cakephp/src/Database/Statement/MysqlStatement.php on line 37
Stack Trace:
#0 /var/www/html/vendor/cakephp/cakephp/src/Database/Statement/MysqlStatement.php(37): PDOStatement->execute(NULL)
#1 /var/www/html/vendor/cakephp/cakephp/src/Database/Statement/StatementDecorator.php(173): Cake\Database\Statement\MysqlStatement->execute(NULL)
#2 /var/www/html/vendor/cakephp/cakephp/src/Database/Log/LoggingStatement.php(55): Cake\Database\Statement\StatementDecorator->execute(NULL)
#3 /var/www/html/vendor/cakephp/cakephp/src/Database/Connection.php(342): Cake\Database\Log\LoggingStatement->execute()
#4 /var/www/html/vendor/cakephp/cakephp/src/Core/Retry/CommandRetry.php(67): Cake\Database\Connection->Cake\Database\{closure}()
#5 /var/www/html/vendor/cakephp/cakephp/src/Database/Connection.php(345): Cake\Core\Retry\CommandRetry->run(Object(Closure))
#6 /var/www/html/vendor/cakephp/cakephp/src/Database/Query.php(218): Cake\Database\Connection->run(Object(Cake\ORM\Query))
#7 /var/www/html/vendor/cakephp/cakephp/src/ORM/Table.php(2160): Cake\Database\Query->execute()
#8 /var/www/html/vendor/cakephp/cakephp/src/ORM/Table.php(2052): Cake\ORM\Table->_insert(Object(Cake\ORM\Entity), Array)
#9 /var/www/html/vendor/cakephp/cakephp/src/ORM/Table.php(1965): Cake\ORM\Table->_processSave(Object(Cake\ORM\Entity), Object(ArrayObject))
#10 /var/www/html/vendor/cakephp/cakephp/src/ORM/Table.php(1670): Cake\ORM\Table->Cake\ORM\{closure}()
#11 /var/www/html/vendor/cakephp/cakephp/src/Database/Connection.php(741): Cake\ORM\Table->Cake\ORM\{closure}(Object(Cake\Database\Connection))
#12 /var/www/html/vendor/cakephp/cakephp/src/ORM/Table.php(1671): Cake\Database\Connection->transactional(Object(Closure))
#13 /var/www/html/vendor/cakephp/cakephp/src/ORM/Table.php(1966): Cake\ORM\Table->_executeTransaction(Object(Closure), true)
#14 /var/www/html/src/Controller/ProfissionalController.php(54): Cake\ORM\Table->save(Object(Cake\ORM\Entity))
#15 /var/www/html/vendor/cakephp/cakephp/src/Controller/Controller.php(606): App\Controller\ProfissionalController->add()
#16 /var/www/html/vendor/cakephp/cakephp/src/Http/ActionDispatcher.php(120): Cake\Controller\Controller->invokeAction()
#17 /var/www/html/vendor/cakephp/cakephp/src/Http/ActionDispatcher.php(94): Cake\Http\ActionDispatcher->_invoke(Object(App\Controller\ProfissionalController))
#18 /var/www/html/vendor/cakephp/cakephp/src/Routing/Dispatcher.php(66): Cake\Http\ActionDispatcher->dispatch(Object(Cake\Http\ServerRequest), Object(Cake\Http\Response))
#19 /var/www/html/webroot/index.php(36): Cake\Routing\Dispatcher->dispatch(Object(Cake\Http\ServerRequest), Object(Cake\Http\Response))
#20 {main}


Request URL: /profissional/add
Referer URL: http://localhost/profissional/add
Client IP: 172.18.0.1
2023-09-16 02:35:18 Error: [PDOException] SQLSTATE[42S22]: Column not found: 1054 Unknown column 'Profissional.user_id' in 'field list' in /var/www/html/vendor/cakephp/cakephp/src/Database/Statement/MysqlStatement.php on line 37
Stack Trace:
#0 /var/www/html/vendor/cakephp/cakephp/src/Database/Statement/MysqlStatement.php(37): PDOStatement->execute(NULL)
#1 /var/www/html/vendor/cakephp/cakephp/src/Database/Statement/StatementDecorator.php(173): Cake\Database\Statement\MysqlStatement->execute(NULL)
#2 /var/www/html/vendor/cakephp/cakephp/src/Database/Log/LoggingStatement.php(55): Cake\Database\Statement\StatementDecorator->execute(NULL)
#3 /var/www/html/vendor/cakephp/cakephp/src/Database/Connection.php(342): Cake\Database\Log\LoggingStatement->execute()
#4 /var/www/html/vendor/cakephp/cakephp/src/Core/Retry/CommandRetry.php(67): Cake\Database\Connection->Cake\Database\{closure}()
#5 /var/www/html/vendor/cakephp/cakephp/src/Database/Connection.php(345): Cake\Core\Retry\CommandRetry->run(Object(Closure))
#6 /var/www/html/vendor/cakephp/cakephp/src/Database/Query.php(218): Cake\Database\Connection->run(Object(Cake\ORM\Query))
#7 /var/www/html/vendor/cakephp/cakephp/src/ORM/Query.php(1155): Cake\Database\Query->execute()
#8 /var/www/html/vendor/cakephp/cakephp/src/Datasource/QueryTrait.php(310): Cake\ORM\Query->_execute()
#9 /var/www/html/vendor/cakephp/cakephp/src/ORM/Query.php(1099): Cake\ORM\Query->_all()
#10 /var/www/html/vendor/cakephp/cakephp/src/Datasource/QueryTrait.php(150): Cake\ORM\Query->all()
#11 /var/www/html/src/Template/Profissional/index.ctp(16): Cake\ORM\Query->getIterator()
#12 /var/www/html/vendor/cakephp/cakephp/src/View/View.php(1435): include('/var/www/html/s...')
#13 /var/www/html/vendor/cakephp/cakephp/src/View/View.php(1393): Cake\View\View->_evaluate('/var/www/html/s...', Array)
#14 /var/www/html/vendor/cakephp/cakephp/src/View/View.php(892): Cake\View\View->_render('/var/www/html/s...')
#15 /var/www/html/vendor/cakephp/cakephp/src/Controller/Controller.php(791): Cake\View\View->render(NULL, NULL)
#16 /var/www/html/vendor/cakephp/cakephp/src/Http/ActionDispatcher.php(126): Cake\Controller\Controller->render()
#17 /var/www/html/vendor/cakephp/cakephp/src/Http/ActionDispatcher.php(94): Cake\Http\ActionDispatcher->_invoke(Object(App\Controller\ProfissionalController))
#18 /var/www/html/vendor/cakephp/cakephp/src/Routing/Dispatcher.php(66): Cake\Http\ActionDispatcher->dispatch(Object(Cake\Http\ServerRequest), Object(Cake\Http\Response))
#19 /var/www/html/webroot/index.php(36): Cake\Routing\Dispatcher->dispatch(Object(Cake\Http\ServerRequest), Object(Cake\Http\Response))
#20 {main}


Request URL: /
Referer URL: http://localhost/profissional/add
Client IP: 172.18.0.1
2023-09-16 02:44:22 Error: [RuntimeException] Undefined property `Organizacao`. You have not defined the `Organizacao` association on `App\Model\Table\ProfissionalTable`. in /var/www/html/vendor/cakephp/cakephp/src/ORM/Table.php on line 2695
Stack Trace:
#0 /var/www/html/src/Controller/ProfissionalController.php(71): Cake\ORM\Table->__get('Organizacao')
#1 /var/www/html/vendor/cakephp/cakephp/src/Controller/Controller.php(606): App\Controller\ProfissionalController->edit('1')
#2 /var/www/html/vendor/cakephp/cakephp/src/Http/ActionDispatcher.php(120): Cake\Controller\Controller->invokeAction()
#3 /var/www/html/vendor/cakephp/cakephp/src/Http/ActionDispatcher.php(94): Cake\Http\ActionDispatcher->_invoke(Object(App\Controller\ProfissionalController))
#4 /var/www/html/vendor/cakephp/cakephp/src/Routing/Dispatcher.php(66): Cake\Http\ActionDispatcher->dispatch(Object(Cake\Http\ServerRequest), Object(Cake\Http\Response))
#5 /var/www/html/webroot/index.php(36): Cake\Routing\Dispatcher->dispatch(Object(Cake\Http\ServerRequest), Object(Cake\Http\Response))
#6 {main}


Request URL: /profissional/edit/1
Referer URL: http://localhost/
Client IP: 172.18.0.1
2023-09-16 02:48:36 Error: [InvalidArgumentException] Cannot marshal data for "Organizacao" association. It is not associated with "Profissional". in /var/www/html/vendor/cakephp/cakephp/src/ORM/Marshaller.php on line 94
Stack Trace:
#0 /var/www/html/vendor/cakephp/cakephp/src/ORM/Marshaller.php(586): Cake\ORM\Marshaller->_buildPropertyMap(Array, Array)
#1 /var/www/html/vendor/cakephp/cakephp/src/ORM/Table.php(2883): Cake\ORM\Marshaller->merge(Object(Cake\ORM\Entity), Array, Array)
#2 /var/www/html/src/Controller/ProfissionalController.php(76): Cake\ORM\Table->patchEntity(Object(Cake\ORM\Entity), Array, Array)
#3 /var/www/html/vendor/cakephp/cakephp/src/Controller/Controller.php(606): App\Controller\ProfissionalController->edit('1')
#4 /var/www/html/vendor/cakephp/cakephp/src/Http/ActionDispatcher.php(120): Cake\Controller\Controller->invokeAction()
#5 /var/www/html/vendor/cakephp/cakephp/src/Http/ActionDispatcher.php(94): Cake\Http\ActionDispatcher->_invoke(Object(App\Controller\ProfissionalController))
#6 /var/www/html/vendor/cakephp/cakephp/src/Routing/Dispatcher.php(66): Cake\Http\ActionDispatcher->dispatch(Object(Cake\Http\ServerRequest), Object(Cake\Http\Response))
#7 /var/www/html/webroot/index.php(36): Cake\Routing\Dispatcher->dispatch(Object(Cake\Http\ServerRequest), Object(Cake\Http\Response))
#8 {main}


Request URL: /profissional/edit/1
Referer URL: http://localhost/profissional/edit/1
Client IP: 172.18.0.1
